#
# A fatal error has been detected by the Java Runtime Environment:
#
#  EXCEPTION_ACCESS_VIOLATION (0xc0000005) at pc=0x624d9ab1, pid=22320, tid=0x00003de8
#
# JRE version: Java(TM) SE Runtime Environment (8.0_144-b01) (build 1.8.0_144-b01)
# Java VM: Java HotSpot(TM) Client VM (25.144-b01 mixed mode windows-x86 )
# Problematic frame:
# C  [awt.dll+0xa9ab1]
#
# Failed to write core dump. Minidumps are not enabled by default on client versions of Windows
#
# If you would like to submit a bug report, please visit:
#   http://bugreport.java.com/bugreport/crash.jsp
# The crash happened outside the Java Virtual Machine in native code.
# See problematic frame for where to report the bug.
#

---------------  T H R E A D  ---------------

Current thread (0x26b66000):  JavaThread "AWT-EventQueue-0" [_thread_in_native, id=15848, stack(0x290e0000,0x29130000)]

siginfo: ExceptionCode=0xc0000005, reading address 0x00000004

Registers:
EAX=0x0000000d, EBX=0x92010bf5, ECX=0x00000000, EDX=0x01441ef8
ESP=0x2912d928, EBP=0x776b6460, ESI=0x28607ed0, EDI=0x28503c18
EIP=0x624d9ab1, EFLAGS=0x00010213

Top of Stack: (sp=0x2912d928)
0x2912d928:   6245e936 92010bf5 28503c18 26b66140
0x2912d938:   2912d9f8 2912deb0 6248b333 26b66140
0x2912d948:   28503c18 2912deb0 6248b34a 00000001
0x2912d958:   00000000 00000000 6245bb85 26b66140
0x2912d968:   2912deb0 26b66000 00000000 2968aec0
0x2912d978:   2912d9ac 02e64854 00000000 2a16e908
0x2912d988:   2912deb4 26b66140 27000841 2912d9b8
0x2912d998:   270060a0 00000000 27000898 00000000 

Instructions: (pc=0x624d9ab1)
0x624d9a91:   00 00 c3 8b 41 04 8b 80 0c 0c 00 00 c3 8b 01 83
0x624d9aa1:   78 04 08 7e 03 33 c0 c3 8b 49 04 e9 e4 eb fe ff
0x624d9ab1:   8b 49 04 85 c9 74 05 e9 f2 e9 fe ff 33 c0 c2 04
0x624d9ac1:   00 8b 49 04 85 c9 74 05 e9 07 ea fe ff c2 04 00 


Register to memory mapping:

EAX=0x0000000d is an unknown value
EBX=0x92010bf5 is an unknown value
ECX=0x00000000 is an unknown value
EDX=0x01441ef8 is an unknown value
ESP=0x2912d928 is pointing into the stack for thread: 0x26b66000
EBP=0x776b6460 is an unknown value
ESI=0x28607ed0 is an unknown value
EDI=0x28503c18 is an unknown value


Stack: [0x290e0000,0x29130000],  sp=0x2912d928,  free space=310k
Native frames: (J=compiled Java code, j=interpreted, Vv=VM code, C=native code)
C  [awt.dll+0xa9ab1]

Java frames: (J=compiled Java code, j=interpreted, Vv=VM code)
J 2496  sun.java2d.windows.GDIBlitLoops.nativeBlit(Lsun/java2d/SurfaceData;Lsun/java2d/SurfaceData;Lsun/java2d/pipe/Region;IIIIIIIIIZ)V (0 bytes) @ 0x03295518 [0x03295450+0xc8]
j  sun.java2d.windows.GDIBlitLoops.Blit(Lsun/java2d/SurfaceData;Lsun/java2d/SurfaceData;Ljava/awt/Composite;Lsun/java2d/pipe/Region;IIIIII)V+33
j  sun.java2d.pipe.DrawImage.blitSurfaceData(Lsun/java2d/SunGraphics2D;Lsun/java2d/pipe/Region;Lsun/java2d/SurfaceData;Lsun/java2d/SurfaceData;Lsun/java2d/loops/SurfaceType;Lsun/java2d/loops/SurfaceType;IIIIIILjava/awt/Color;)V+97
j  sun.java2d.pipe.DrawImage.renderImageCopy(Lsun/java2d/SunGraphics2D;Ljava/awt/Image;Ljava/awt/Color;IIIIII)Z+75
j  sun.java2d.pipe.DrawImage.copyImage(Lsun/java2d/SunGraphics2D;Ljava/awt/Image;IILjava/awt/Color;)Z+45
j  sun.java2d.pipe.DrawImage.copyImage(Lsun/java2d/SunGraphics2D;Ljava/awt/Image;IILjava/awt/Color;Ljava/awt/image/ImageObserver;)Z+15
j  sun.java2d.pipe.ValidatePipe.copyImage(Lsun/java2d/SunGraphics2D;Ljava/awt/Image;IILjava/awt/Color;Ljava/awt/image/ImageObserver;)Z+21
j  sun.java2d.SunGraphics2D.drawImage(Ljava/awt/Image;IILjava/awt/Color;Ljava/awt/image/ImageObserver;)Z+66
j  sun.java2d.SunGraphics2D.drawImage(Ljava/awt/Image;IILjava/awt/image/ImageObserver;)Z+7
j  javax.swing.RepaintManager$PaintManager.paintDoubleBuffered(Ljavax/swing/JComponent;Ljava/awt/Image;Ljava/awt/Graphics;IIII)V+242
j  javax.swing.RepaintManager$PaintManager.paint(Ljavax/swing/JComponent;Ljavax/swing/JComponent;Ljava/awt/Graphics;IIII)Z+116
j  javax.swing.RepaintManager.paint(Ljavax/swing/JComponent;Ljavax/swing/JComponent;Ljava/awt/Graphics;IIII)V+51
j  javax.swing.JComponent.paint(Ljava/awt/Graphics;)V+221
j  java.awt.GraphicsCallback$PaintCallback.run(Ljava/awt/Component;Ljava/awt/Graphics;)V+2
j  sun.awt.SunGraphicsCallback.runOneComponent(Ljava/awt/Component;Ljava/awt/Rectangle;Ljava/awt/Graphics;Ljava/awt/Shape;I)V+155
j  sun.awt.SunGraphicsCallback.runComponents([Ljava/awt/Component;Ljava/awt/Graphics;I)V+194
j  java.awt.Container.paint(Ljava/awt/Graphics;)V+58
j  java.awt.Window.paint(Ljava/awt/Graphics;)V+68
j  javax.swing.RepaintManager$4.run()Ljava/lang/Void;+142
j  javax.swing.RepaintManager$4.run()Ljava/lang/Object;+1
v  ~StubRoutines::call_stub
J 1453  java.security.AccessController.doPrivileged(Ljava/security/PrivilegedAction;Ljava/security/AccessControlContext;)Ljava/lang/Object; (0 bytes) @ 0x030fde07 [0x030fdda0+0x67]
j  java.security.ProtectionDomain$JavaSecurityAccessImpl.doIntersectionPrivilege(Ljava/security/PrivilegedAction;Ljava/security/AccessControlContext;Ljava/security/AccessControlContext;)Ljava/lang/Object;+18
j  javax.swing.RepaintManager.paintDirtyRegions(Ljava/util/Map;)V+154
j  javax.swing.RepaintManager.paintDirtyRegions()V+46
j  javax.swing.RepaintManager.prePaintDirtyRegions()V+73
j  javax.swing.RepaintManager.access$1200(Ljavax/swing/RepaintManager;)V+1
j  javax.swing.RepaintManager$ProcessingRunnable.run()V+37
J 2031 C1 java.awt.event.InvocationEvent.dispatch()V (69 bytes) @ 0x031ec91c [0x031ec830+0xec]
J 1662 C1 java.awt.EventQueue.dispatchEventImpl(Ljava/awt/AWTEvent;Ljava/lang/Object;)V (149 bytes) @ 0x0314508c [0x03144bd0+0x4bc]
J 1615 C1 java.awt.EventQueue$3.run()Ljava/lang/Void; (60 bytes) @ 0x0313421c [0x031341c0+0x5c]
J 1614 C1 java.awt.EventQueue$3.run()Ljava/lang/Object; (5 bytes) @ 0x03133fa0 [0x03133f80+0x20]
v  ~StubRoutines::call_stub
J 1453  java.security.AccessController.doPrivileged(Ljava/security/PrivilegedAction;Ljava/security/AccessControlContext;)Ljava/lang/Object; (0 bytes) @ 0x030fde07 [0x030fdda0+0x67]
J 1659 C1 java.awt.EventQueue.dispatchEvent(Ljava/awt/AWTEvent;)V (80 bytes) @ 0x03143808 [0x03143600+0x208]
J 1482 C1 java.awt.EventDispatchThread.pumpOneEventForFilters(I)V (295 bytes) @ 0x031060d0 [0x03105a40+0x690]
J 2433% C1 java.awt.EventDispatchThread.pumpEventsForFilter(ILjava/awt/Conditional;Ljava/awt/EventFilter;)V (47 bytes) @ 0x0327d640 [0x0327d580+0xc0]
j  java.awt.EventDispatchThread.pumpEventsForHierarchy(ILjava/awt/Conditional;Ljava/awt/Component;)V+11
j  java.awt.EventDispatchThread.pumpEvents(ILjava/awt/Conditional;)V+4
j  java.awt.EventDispatchThread.pumpEvents(Ljava/awt/Conditional;)V+3
j  java.awt.EventDispatchThread.run()V+9
v  ~StubRoutines::call_stub

---------------  P R O C E S S  ---------------

Java Threads: ( => current thread )
  0x26b67400 JavaThread "JmDNS(LAPTOP-Q9T9TU1K-INSELLERATE-LOCAL.local.).State.Timer" daemon [_thread_blocked, id=17588, stack(0x27590000,0x275e0000)]
  0x26b65000 JavaThread "JmDNS(LAPTOP-Q9T9TU1K-INSELLERATE-LOCAL.local.).Timer" daemon [_thread_blocked, id=5816, stack(0x27500000,0x27550000)]
  0x26b67c00 JavaThread "SocketListener(LAPTOP-Q9T9TU1K-INSELLERATE-LOCAL.local.)" daemon [_thread_in_native, id=12316, stack(0x257c0000,0x25810000)]
  0x26b6b400 JavaThread "JmDNS(LAPTOP-Q9T9TU1K-INSELLERATE-LOCAL.local.).State.Timer" daemon [_thread_blocked, id=10172, stack(0x25730000,0x25780000)]
  0x26b68000 JavaThread "JmDNS(LAPTOP-Q9T9TU1K-INSELLERATE-LOCAL.local.).Timer" daemon [_thread_blocked, id=8724, stack(0x02b60000,0x02bb0000)]
  0x26b69c00 JavaThread "SocketListener(LAPTOP-Q9T9TU1K-INSELLERATE-LOCAL.local.)" daemon [_thread_in_native, id=20876, stack(0x029c0000,0x02a10000)]
  0x26b6a000 JavaThread "DestroyJavaVM" [_thread_blocked, id=11064, stack(0x02c40000,0x02c90000)]
  0x26b63c00 JavaThread "TimerQueue" daemon [_thread_blocked, id=15336, stack(0x29d40000,0x29d90000)]
  0x26b67000 JavaThread "Batik CleanerThread" daemon [_thread_blocked, id=17500, stack(0x291b0000,0x29200000)]
=>0x26b66000 JavaThread "AWT-EventQueue-0" [_thread_in_native, id=15848, stack(0x290e0000,0x29130000)]
  0x2810c000 JavaThread "AWT-Shutdown" [_thread_blocked, id=11788, stack(0x27160000,0x271b0000)]
  0x2810dc00 JavaThread "Timer-0" [_thread_blocked, id=14092, stack(0x28f50000,0x28fa0000)]
  0x280d5000 JavaThread "Multihomed mDNS.Timer" daemon [_thread_blocked, id=9392, stack(0x28a90000,0x28ae0000)]
  0x280d4800 JavaThread "cc.arduino.packages.discoverers.serial.SerialBoardsLister" [_thread_blocked, id=13688, stack(0x27c40000,0x27c90000)]
  0x26d04c00 JavaThread "AWT-Windows" daemon [_thread_in_native, id=10460, stack(0x271f0000,0x27240000)]
  0x26d03800 JavaThread "Java2D Disposer" daemon [_thread_blocked, id=20448, stack(0x270d0000,0x27120000)]
  0x263c8800 JavaThread "Service Thread" daemon [_thread_blocked, id=15476, stack(0x269c0000,0x26a10000)]
  0x263a1400 JavaThread "C1 CompilerThread0" daemon [_thread_blocked, id=17072, stack(0x26930000,0x26980000)]
  0x2639fc00 JavaThread "Attach Listener" daemon [_thread_blocked, id=5764, stack(0x268a0000,0x268f0000)]
  0x2639e000 JavaThread "Signal Dispatcher" daemon [_thread_blocked, id=19872, stack(0x26810000,0x26860000)]
  0x2638b800 JavaThread "Finalizer" daemon [_thread_blocked, id=7280, stack(0x26690000,0x266e0000)]
  0x26375800 JavaThread "Reference Handler" daemon [_thread_blocked, id=21712, stack(0x26600000,0x26650000)]

Other Threads:
  0x26370400 VMThread [stack: 0x26570000,0x265c0000] [id=1680]
  0x263adc00 WatcherThread [stack: 0x26a50000,0x26aa0000] [id=20904]

VM state:not at safepoint (normal execution)

VM Mutex/Monitor currently owned by a thread: None

Heap:
 def new generation   total 39424K, used 9377K [0x05000000, 0x07ac0000, 0x0faa0000)
  eden space 35072K,  25% used [0x05000000, 0x058a7f78, 0x07240000)
  from space 4352K,  11% used [0x07680000, 0x07700510, 0x07ac0000)
  to   space 4352K,   0% used [0x07240000, 0x07240000, 0x07680000)
 tenured generation   total 87424K, used 77955K [0x0faa0000, 0x15000000, 0x25000000)
   the space 87424K,  89% used [0x0faa0000, 0x146c0fd8, 0x146c1000, 0x15000000)
 Metaspace       used 19279K, capacity 19766K, committed 19840K, reserved 19840K

Card table byte_map: [0x04ee0000,0x04ff0000] byte_map_base: 0x04eb8000

Polling page: 0x01020000

CodeCache: size=32768Kb used=1901Kb max_used=4381Kb free=30866Kb
 bounds [0x02e60000, 0x032b0000, 0x04e60000]
 total_blobs=1105 nmethods=826 adapters=208
 compilation: enabled

Compilation events (10 events):
Event: 106000.440 Thread 0x263a1400 11109             javax.swing.text.JTextComponent::getDocument (5 bytes)
Event: 106000.441 Thread 0x263a1400 nmethod 11109 0x02f88fc8 code [0x02f890c0, 0x02f89140]
Event: 106000.472 Thread 0x263a1400 11110             java.lang.StringBuilder::append (8 bytes)
Event: 106000.472 Thread 0x263a1400 nmethod 11110 0x02f39b48 code [0x02f39c40, 0x02f39cdc]
Event: 106000.475 Thread 0x263a1400 11111             javax.swing.text.Utilities::getTabbedTextWidth (348 bytes)
Event: 106000.477 Thread 0x263a1400 nmethod 11111 0x02f58708 code [0x02f58880, 0x02f58cd4]
Event: 106000.477 Thread 0x263a1400 11112             javax.swing.text.Utilities::getTabbedTextOffset (449 bytes)
Event: 106000.479 Thread 0x263a1400 nmethod 11112 0x02f47788 code [0x02f47910, 0x02f47de0]
Event: 106000.479 Thread 0x263a1400 11113             sun.swing.ImageCache$Entry::equals (147 bytes)
Event: 106000.479 Thread 0x263a1400 nmethod 11113 0x032a75c8 code [0x032a76e0, 0x032a78dc]

GC Heap History (10 events):
Event: 105241.146 GC heap before
{Heap before GC invocations=6781 (full 1):
 def new generation   total 39424K, used 35090K [0x05000000, 0x07ac0000, 0x0faa0000)
  eden space 35072K, 100% used [0x05000000, 0x07240000, 0x07240000)
  from space 4352K,   0% used [0x07240000, 0x07244b10, 0x07680000)
  to   space 4352K,   0% used [0x07680000, 0x07680000, 0x07ac0000)
 tenured generation   total 87424K, used 77954K [0x0faa0000, 0x15000000, 0x25000000)
   the space 87424K,  89% used [0x0faa0000, 0x146c0998, 0x146c0a00, 0x15000000)
 Metaspace       used 19279K, capacity 19766K, committed 19840K, reserved 19840K
Event: 105241.148 GC heap after
Heap after GC invocations=6782 (full 1):
 def new generation   total 39424K, used 17K [0x05000000, 0x07ac0000, 0x0faa0000)
  eden space 35072K,   0% used [0x05000000, 0x05000000, 0x07240000)
  from space 4352K,   0% used [0x07680000, 0x07684530, 0x07ac0000)
  to   space 4352K,   0% used [0x07240000, 0x07240000, 0x07680000)
 tenured generation   total 87424K, used 77955K [0x0faa0000, 0x15000000, 0x25000000)
   the space 87424K,  89% used [0x0faa0000, 0x146c0fd8, 0x146c1000, 0x15000000)
 Metaspace       used 19279K, capacity 19766K, committed 19840K, reserved 19840K
}
Event: 105439.206 GC heap before
{Heap before GC invocations=6782 (full 1):
 def new generation   total 39424K, used 35089K [0x05000000, 0x07ac0000, 0x0faa0000)
  eden space 35072K, 100% used [0x05000000, 0x07240000, 0x07240000)
  from space 4352K,   0% used [0x07680000, 0x07684530, 0x07ac0000)
  to   space 4352K,   0% used [0x07240000, 0x07240000, 0x07680000)
 tenured generation   total 87424K, used 77955K [0x0faa0000, 0x15000000, 0x25000000)
   the space 87424K,  89% used [0x0faa0000, 0x146c0fd8, 0x146c1000, 0x15000000)
 Metaspace       used 19279K, capacity 19766K, committed 19840K, reserved 19840K
Event: 105439.210 GC heap after
Heap after GC invocations=6783 (full 1):
 def new generation   total 39424K, used 17K [0x05000000, 0x07ac0000, 0x0faa0000)
  eden space 35072K,   0% used [0x05000000, 0x05000000, 0x07240000)
  from space 4352K,   0% used [0x07240000, 0x072447f8, 0x07680000)
  to   space 4352K,   0% used [0x07680000, 0x07680000, 0x07ac0000)
 tenured generation   total 87424K, used 77955K [0x0faa0000, 0x15000000, 0x25000000)
   the space 87424K,  89% used [0x0faa0000, 0x146c0fd8, 0x146c1000, 0x15000000)
 Metaspace       used 19279K, capacity 19766K, committed 19840K, reserved 19840K
}
Event: 105624.524 GC heap before
{Heap before GC invocations=6783 (full 1):
 def new generation   total 39424K, used 35089K [0x05000000, 0x07ac0000, 0x0faa0000)
  eden space 35072K, 100% used [0x05000000, 0x07240000, 0x07240000)
  from space 4352K,   0% used [0x07240000, 0x072447f8, 0x07680000)
  to   space 4352K,   0% used [0x07680000, 0x07680000, 0x07ac0000)
 tenured generation   total 87424K, used 77955K [0x0faa0000, 0x15000000, 0x25000000)
   the space 87424K,  89% used [0x0faa0000, 0x146c0fd8, 0x146c1000, 0x15000000)
 Metaspace       used 19279K, capacity 19766K, committed 19840K, reserved 19840K
Event: 105624.532 GC heap after
Heap after GC invocations=6784 (full 1):
 def new generation   total 39424K, used 667K [0x05000000, 0x07ac0000, 0x0faa0000)
  eden space 35072K,   0% used [0x05000000, 0x05000000, 0x07240000)
  from space 4352K,  15% used [0x07680000, 0x07726f28, 0x07ac0000)
  to   space 4352K,   0% used [0x07240000, 0x07240000, 0x07680000)
 tenured generation   total 87424K, used 77955K [0x0faa0000, 0x15000000, 0x25000000)
   the space 87424K,  89% used [0x0faa0000, 0x146c0fd8, 0x146c1000, 0x15000000)
 Metaspace       used 19279K, capacity 19766K, committed 19840K, reserved 19840K
}
Event: 105820.113 GC heap before
{Heap before GC invocations=6784 (full 1):
 def new generation   total 39424K, used 35739K [0x05000000, 0x07ac0000, 0x0faa0000)
  eden space 35072K, 100% used [0x05000000, 0x07240000, 0x07240000)
  from space 4352K,  15% used [0x07680000, 0x07726f28, 0x07ac0000)
  to   space 4352K,   0% used [0x07240000, 0x07240000, 0x07680000)
 tenured generation   total 87424K, used 77955K [0x0faa0000, 0x15000000, 0x25000000)
   the space 87424K,  89% used [0x0faa0000, 0x146c0fd8, 0x146c1000, 0x15000000)
 Metaspace       used 19279K, capacity 19766K, committed 19840K, reserved 19840K
Event: 105820.115 GC heap after
Heap after GC invocations=6785 (full 1):
 def new generation   total 39424K, used 19K [0x05000000, 0x07ac0000, 0x0faa0000)
  eden space 35072K,   0% used [0x05000000, 0x05000000, 0x07240000)
  from space 4352K,   0% used [0x07240000, 0x07244e20, 0x07680000)
  to   space 4352K,   0% used [0x07680000, 0x07680000, 0x07ac0000)
 tenured generation   total 87424K, used 77955K [0x0faa0000, 0x15000000, 0x25000000)
   the space 87424K,  89% used [0x0faa0000, 0x146c0fd8, 0x146c1000, 0x15000000)
 Metaspace       used 19279K, capacity 19766K, committed 19840K, reserved 19840K
}
Event: 106000.460 GC heap before
{Heap before GC invocations=6785 (full 1):
 def new generation   total 39424K, used 33394K [0x05000000, 0x07ac0000, 0x0faa0000)
  eden space 35072K,  95% used [0x05000000, 0x07097d50, 0x07240000)
  from space 4352K,   0% used [0x07240000, 0x07244e20, 0x07680000)
  to   space 4352K,   0% used [0x07680000, 0x07680000, 0x07ac0000)
 tenured generation   total 87424K, used 77955K [0x0faa0000, 0x15000000, 0x25000000)
   the space 87424K,  89% used [0x0faa0000, 0x146c0fd8, 0x146c1000, 0x15000000)
 Metaspace       used 19279K, capacity 19766K, committed 19840K, reserved 19840K
Event: 106000.463 GC heap after
Heap after GC invocations=6786 (full 1):
 def new generation   total 39424K, used 513K [0x05000000, 0x07ac0000, 0x0faa0000)
  eden space 35072K,   0% used [0x05000000, 0x05000000, 0x07240000)
  from space 4352K,  11% used [0x07680000, 0x07700510, 0x07ac0000)
  to   space 4352K,   0% used [0x07240000, 0x07240000, 0x07680000)
 tenured generation   total 87424K, used 77955K [0x0faa0000, 0x15000000, 0x25000000)
   the space 87424K,  89% used [0x0faa0000, 0x146c0fd8, 0x146c1000, 0x15000000)
 Metaspace       used 19279K, capacity 19766K, committed 19840K, reserved 19840K
}

Deoptimization events (0 events):
No events

Internal exceptions (10 events):
Event: 4186.332 Thread 0x26b68c00 Exception <a 'sun/nio/fs/WindowsException'> (0x06b8fdb8) thrown at [C:\workspace\8-2-build-windows-i586-cygwin\jdk8u144\9417\hotspot\src\share\vm\prims\jni.cpp, line 709]
Event: 4186.332 Thread 0x26b68c00 Exception <a 'sun/nio/fs/WindowsException'> (0x06b96298) thrown at [C:\workspace\8-2-build-windows-i586-cygwin\jdk8u144\9417\hotspot\src\share\vm\prims\jni.cpp, line 709]
Event: 4186.332 Thread 0x26b68c00 Exception <a 'sun/nio/fs/WindowsException'> (0x06b9a940) thrown at [C:\workspace\8-2-build-windows-i586-cygwin\jdk8u144\9417\hotspot\src\share\vm\prims\jni.cpp, line 709]
Event: 4186.333 Thread 0x26b68c00 Exception <a 'sun/nio/fs/WindowsException'> (0x06ba4b00) thrown at [C:\workspace\8-2-build-windows-i586-cygwin\jdk8u144\9417\hotspot\src\share\vm\prims\jni.cpp, line 709]
Event: 4186.333 Thread 0x26b68c00 Exception <a 'sun/nio/fs/WindowsException'> (0x06ba50f8) thrown at [C:\workspace\8-2-build-windows-i586-cygwin\jdk8u144\9417\hotspot\src\share\vm\prims\jni.cpp, line 709]
Event: 4186.334 Thread 0x26b68c00 Exception <a 'sun/nio/fs/WindowsException'> (0x06baf038) thrown at [C:\workspace\8-2-build-windows-i586-cygwin\jdk8u144\9417\hotspot\src\share\vm\prims\jni.cpp, line 709]
Event: 4186.334 Thread 0x26b68c00 Exception <a 'sun/nio/fs/WindowsException'> (0x06baf640) thrown at [C:\workspace\8-2-build-windows-i586-cygwin\jdk8u144\9417\hotspot\src\share\vm\prims\jni.cpp, line 709]
Event: 21899.801 Thread 0x2810c800 Exception <a 'java/net/SocketException': socket closed> (0x05f240c0) thrown at [C:\workspace\8-2-build-windows-i586-cygwin\jdk8u144\9417\hotspot\src\share\vm\prims\jni.cpp, line 735]
Event: 21905.851 Thread 0x280d5800 Exception <a 'java/net/SocketException': socket closed> (0x063207a0) thrown at [C:\workspace\8-2-build-windows-i586-cygwin\jdk8u144\9417\hotspot\src\share\vm\prims\jni.cpp, line 735]
Event: 68310.880 Thread 0x280d5000 Exception <a 'java/net/SocketException': error setting options> (0x0633e0e8) thrown at [C:\workspace\8-2-build-windows-i586-cygwin\jdk8u144\9417\hotspot\src\share\vm\prims\jni.cpp, line 735]

Events (10 events):
Event: 105986.142 Thread 0x263a1400 flushing nmethod 0x02f823c8
Event: 105986.142 Thread 0x263a1400 flushing nmethod 0x02f83148
Event: 105986.246 Thread 0x263a1400 flushing nmethod 0x030ea2c8
Event: 105986.246 Thread 0x263a1400 flushing nmethod 0x03116e48
Event: 105994.607 Thread 0x263a1400 flushing nmethod 0x0314adc8
Event: 106000.441 Thread 0x263a1400 flushing nmethod 0x02f39b48
Event: 106000.441 Thread 0x263a1400 flushing nmethod 0x02f58608
Event: 106000.459 Executing VM operation: GenCollectForAllocation
Event: 106000.463 Executing VM operation: GenCollectForAllocation done
Event: 106000.477 Thread 0x263a1400 flushing nmethod 0x0314b488


Dynamic libraries:
0x00380000 - 0x003b3000 	C:\Program Files (x86)\Arduino\java\bin\javaw.exe
0x779c0000 - 0x77b4e000 	C:\WINDOWS\SYSTEM32\ntdll.dll
0x745d0000 - 0x746a0000 	C:\WINDOWS\System32\KERNEL32.DLL
0x74860000 - 0x74a22000 	C:\WINDOWS\System32\KERNELBASE.dll
0x75060000 - 0x750d7000 	C:\WINDOWS\System32\ADVAPI32.dll
0x775e0000 - 0x7769d000 	C:\WINDOWS\System32\msvcrt.dll
0x76520000 - 0x76561000 	C:\WINDOWS\System32\sechost.dll
0x77490000 - 0x77550000 	C:\WINDOWS\System32\RPCRT4.dll
0x74490000 - 0x744b0000 	C:\WINDOWS\System32\SspiCli.dll
0x74480000 - 0x7448a000 	C:\WINDOWS\System32\CRYPTBASE.dll
0x76ea0000 - 0x76ef7000 	C:\WINDOWS\System32\bcryptPrimitives.dll
0x77350000 - 0x7748c000 	C:\WINDOWS\System32\USER32.dll
0x76c40000 - 0x76c56000 	C:\WINDOWS\System32\win32u.dll
0x776b0000 - 0x776d1000 	C:\WINDOWS\System32\GDI32.dll
0x746a0000 - 0x747f8000 	C:\WINDOWS\System32\gdi32full.dll
0x74f50000 - 0x74fc9000 	C:\WINDOWS\System32\msvcp_win.dll
0x74a90000 - 0x74ba8000 	C:\WINDOWS\System32\ucrtbase.dll
0x6c1c0000 - 0x6c3ce000 	C:\WINDOWS\WinSxS\x86_microsoft.windows.common-controls_6595b64144ccf1df_6.0.15063.483_none_6dad63fefc436da8\COMCTL32.dll
0x74c60000 - 0x74e98000 	C:\WINDOWS\System32\combase.dll
0x76f00000 - 0x76f25000 	C:\WINDOWS\System32\IMM32.DLL
0x6a120000 - 0x6a1df000 	C:\Program Files (x86)\Arduino\java\bin\msvcr100.dll
0x60be0000 - 0x60fae000 	C:\Program Files (x86)\Arduino\java\bin\client\jvm.dll
0x76e90000 - 0x76e96000 	C:\WINDOWS\System32\PSAPI.DLL
0x6c0e0000 - 0x6c0e8000 	C:\WINDOWS\SYSTEM32\WSOCK32.dll
0x76c60000 - 0x76cc7000 	C:\WINDOWS\System32\WS2_32.dll
0x6d240000 - 0x6d264000 	C:\WINDOWS\SYSTEM32\WINMM.dll
0x738b0000 - 0x738b8000 	C:\WINDOWS\SYSTEM32\VERSION.dll
0x6d210000 - 0x6d233000 	C:\WINDOWS\SYSTEM32\WINMMBASE.dll
0x76e50000 - 0x76e89000 	C:\WINDOWS\System32\cfgmgr32.dll
0x6a0f0000 - 0x6a120000 	C:\Program Files (x86)\Arduino\java\bin\splashscreen.dll
0x6d190000 - 0x6d208000 	C:\WINDOWS\system32\uxtheme.dll
0x6a0e0000 - 0x6a0ec000 	C:\Program Files (x86)\Arduino\java\bin\verify.dll
0x77870000 - 0x779b6000 	C:\WINDOWS\System32\MSCTF.dll
0x74bb0000 - 0x74c46000 	C:\WINDOWS\System32\OLEAUT32.dll
0x6a0b0000 - 0x6a0d1000 	C:\Program Files (x86)\Arduino\java\bin\java.dll
0x6a090000 - 0x6a0a3000 	C:\Program Files (x86)\Arduino\java\bin\zip.dll
0x776a0000 - 0x776ae000 	C:\WINDOWS\System32\kernel.appcore.dll
0x5dba0000 - 0x5dc07000 	C:\WINDOWS\System32\TextInputFramework.dll
0x5d970000 - 0x5db97000 	C:\WINDOWS\System32\CoreUIComponents.dll
0x5d8e0000 - 0x5d96f000 	C:\WINDOWS\System32\CoreMessaging.dll
0x750e0000 - 0x7516c000 	C:\WINDOWS\System32\SHCORE.dll
0x6eeb0000 - 0x6eed8000 	C:\WINDOWS\SYSTEM32\ntmarta.dll
0x6cf40000 - 0x6d011000 	C:\WINDOWS\SYSTEM32\wintypes.dll
0x5d8d0000 - 0x5d8e0000 	C:\WINDOWS\SYSTEM32\usermgrcli.dll
0x6d160000 - 0x6d183000 	C:\WINDOWS\system32\dwmapi.dll
0x751d0000 - 0x76518000 	C:\WINDOWS\System32\SHELL32.dll
0x76660000 - 0x76be7000 	C:\WINDOWS\System32\windows.storage.dll
0x74f00000 - 0x74f45000 	C:\WINDOWS\System32\shlwapi.dll
0x76bf0000 - 0x76c35000 	C:\WINDOWS\System32\powrprof.dll
0x76cd0000 - 0x76ce0000 	C:\WINDOWS\System32\profapi.dll
0x61940000 - 0x619b2000 	C:\Program Files (x86)\Arduino\lib\listSerialsj.dll
0x76f30000 - 0x7734a000 	C:\WINDOWS\System32\SETUPAPI.dll
0x6a070000 - 0x6a08d000 	C:\Program Files (x86)\Arduino\lib\jnidispatch-4.2.2-win32-x86.dll
0x744d0000 - 0x745c3000 	C:\WINDOWS\System32\Ole32.dll
0x6a050000 - 0x6a066000 	C:\Program Files (x86)\Arduino\java\bin\net.dll
0x73920000 - 0x7396e000 	C:\WINDOWS\system32\mswsock.dll
0x6a040000 - 0x6a04f000 	C:\Program Files (x86)\Arduino\java\bin\nio.dll
0x62430000 - 0x62575000 	C:\Program Files (x86)\Arduino\java\bin\awt.dll
0x616a0000 - 0x61733000 	C:\WINDOWS\SYSTEM32\apphelp.dll
0x63b90000 - 0x63bc9000 	C:\Program Files (x86)\Arduino\java\bin\fontmanager.dll
0x62350000 - 0x6242f000 	C:\WINDOWS\system32\opengl32.dll
0x62320000 - 0x62345000 	C:\WINDOWS\SYSTEM32\GLU32.dll
0x622e0000 - 0x62312000 	C:\Program Files (x86)\Arduino\java\bin\t2k.dll
0x710f0000 - 0x7111f000 	C:\WINDOWS\SYSTEM32\IPHLPAPI.DLL
0x74850000 - 0x74857000 	C:\WINDOWS\System32\NSI.dll
0x710d0000 - 0x710e3000 	C:\WINDOWS\SYSTEM32\dhcpcsvc6.DLL
0x710b0000 - 0x710c4000 	C:\WINDOWS\SYSTEM32\dhcpcsvc.DLL
0x6ef70000 - 0x6efef000 	C:\WINDOWS\SYSTEM32\DNSAPI.dll
0x6eef0000 - 0x6ef11000 	C:\Program Files (x86)\Bonjour\mdnsNSP.dll
0x6eee0000 - 0x6eee8000 	C:\Windows\System32\rasadhlp.dll
0x71040000 - 0x7108a000 	C:\WINDOWS\System32\fwpuclnt.dll
0x73880000 - 0x73898000 	C:\WINDOWS\SYSTEM32\bcrypt.dll
0x62270000 - 0x622d9000 	C:\Program Files (x86)\Arduino\msvcp100.dll
0x61d20000 - 0x61dde000 	C:\Program Files (x86)\Arduino\msvcr100.dll
0x29130000 - 0x29162000 	C:\Program Files (x86)\Arduino\lib\AStylej.dll
0x61cf0000 - 0x61d14000 	C:\Program Files (x86)\Arduino\java\bin\dcpr.dll
0x77550000 - 0x775d3000 	C:\WINDOWS\System32\clbcatq.dll
0x62610000 - 0x62782000 	C:\WINDOWS\SYSTEM32\WindowsCodecs.dll
0x62910000 - 0x62953000 	C:\WINDOWS\system32\dataexchange.dll
0x68850000 - 0x68aa2000 	C:\WINDOWS\system32\d3d11.dll
0x62820000 - 0x6290b000 	C:\WINDOWS\system32\dcomp.dll
0x6c130000 - 0x6c1ba000 	C:\WINDOWS\system32\dxgi.dll
0x636c0000 - 0x637f6000 	C:\WINDOWS\system32\twinapi.appcore.dll
0x5e130000 - 0x5e180000 	C:\WINDOWS\system32\Ninput.dll
0x737d0000 - 0x737f2000 	C:\WINDOWS\SYSTEM32\DEVOBJ.dll
0x74800000 - 0x74844000 	C:\WINDOWS\System32\WINTRUST.dll
0x74c50000 - 0x74c5e000 	C:\WINDOWS\System32\MSASN1.dll
0x776e0000 - 0x7785d000 	C:\WINDOWS\System32\CRYPT32.dll
0x64000000 - 0x6401b000 	C:\Program Files (x86)\Arduino\lib\jSSC-2.8_x86.dll
0x738c0000 - 0x738d3000 	C:\WINDOWS\SYSTEM32\CRYPTSP.dll
0x73800000 - 0x7382f000 	C:\WINDOWS\system32\rsaenh.dll
0x738f0000 - 0x73912000 	C:\WINDOWS\SYSTEM32\USERENV.dll
0x739a0000 - 0x73afd000 	C:\WINDOWS\SYSTEM32\dbghelp.dll

VM Arguments:
jvm_args: -Dsun.java2d.d3d=false -Djna.nosys=true -Djna.nounpack=true -Djna.boot.library.name=jnidispatch-4.2.2-win32-x86 -Djna.boot.library.path=C:\Program Files (x86)\Arduino/lib -Djssc.library.path=C:\Program Files (x86)\Arduino/lib -DAPP_DIR=C:\Program Files (x86)\Arduino -Xms128M -Xmx512M 
java_command: processing.app.Base C:\senior-design-lidt\main\main.ino
java_class_path (initial): C:\Program Files (x86)\Arduino\lib\apple.jar;C:\Program Files (x86)\Arduino\lib\arduino-core.jar;C:\Program Files (x86)\Arduino\lib\batik-1.8.jar;C:\Program Files (x86)\Arduino\lib\batik-anim-1.8.jar;C:\Program Files (x86)\Arduino\lib\batik-awt-util-1.8.jar;C:\Program Files (x86)\Arduino\lib\batik-bridge-1.8.jar;C:\Program Files (x86)\Arduino\lib\batik-codec-1.8.jar;C:\Program Files (x86)\Arduino\lib\batik-css-1.8.jar;C:\Program Files (x86)\Arduino\lib\batik-dom-1.8.jar;C:\Program Files (x86)\Arduino\lib\batik-ext-1.8.jar;C:\Program Files (x86)\Arduino\lib\batik-gvt-1.8.jar;C:\Program Files (x86)\Arduino\lib\batik-parser-1.8.jar;C:\Program Files (x86)\Arduino\lib\batik-rasterizer-1.8.jar;C:\Program Files (x86)\Arduino\lib\batik-script-1.8.jar;C:\Program Files (x86)\Arduino\lib\batik-squiggle-1.8.jar;C:\Program Files (x86)\Arduino\lib\batik-svg-dom-1.8.jar;C:\Program Files (x86)\Arduino\lib\batik-svgpp-1.8.jar;C:\Program Files (x86)\Arduino\lib\batik-transcoder-1.8.jar;C:\Program Files (x86)\Arduino\lib\batik-util-1.8.jar;C:\Program Files (x86)\Arduino\lib\batik-xml-1.8.jar;C:\Program Files (x86)\Arduino\lib\bcpg-jdk15on-152.jar;C:\Program Files (x86)\Arduino\lib\bcprov-jdk15on-152.jar;C:\Program Files (x86)\Arduino\lib\commons-codec-1.7.jar;C:\Program Files (x86)\Arduino\lib\commons-compress-1.8.jar;C:\Program Files (x86)\Arduino\lib\commons-exec-1.1.jar;C:\Program Files (x86)\Arduino\lib\commons-httpclient-3.1.jar;C:\Program Files (x86)\Arduino\lib\commons-lang3-3.3.2.jar;C:\Program Files (x86)\Arduino\lib\commons-logging-1.0.4.jar;C:\Program Files (x86)\Arduino\lib\commons-net-3.3.jar;C:\Program Files (x86)\Arduino\lib\jackson-annotations-2.6.3.jar;C:\Program Files (x86)\Arduino\lib\jackson-core-2.6.3.jar;C:\Program Files (x86)\Arduino\lib\jackson-databind-2.6.3.jar;C:\Program Files (x86)\Arduino\lib\jackson-module-mrbean-2.6.3.jar;C:\Program Files (x86)\Arduino\lib\java-semver-0.8.0.jar;C:\Program Files (x86)\Arduino\lib\jmdns-3.5.1.j
Launcher Type: SUN_STANDARD

Environment Variables:
PATH=C:\ProgramData\Oracle\Java\javapath;C:\Program Files (x86)\Intel\iCLS Client\;C:\Program Files\Intel\iCLS Client\;C:\Windows\system32;C:\Windows;C:\Windows\System32\Wbem;C:\Windows\System32\WindowsPowerShell\v1.0\;C:\Program Files (x86)\Intel\Intel(R) Management Engine Components\DAL;C:\Program Files\Intel\Intel(R) Management Engine Components\DAL;C:\Program Files (x86)\Intel\Intel(R) Management Engine Components\IPT;C:\Program Files\Intel\Intel(R) Management Engine Components\IPT;C:\WINDOWS\system32;C:\WINDOWS;C:\WINDOWS\System32\Wbem;C:\WINDOWS\System32\WindowsPowerShell\v1.0\;C:\Program Files (x86)\Microsoft SQL Server\130\Tools\Binn\;C:\Program Files\Microsoft SQL Server\130\Tools\Binn\;C:\Program Files\Git\cmd;C:\Program Files\nodejs\;C:\Program Files (x86)\GtkSharp\2.12\bin;C:\Program Files\MySQL\MySQL Utilities 1.6\;C:\Program Files\PuTTY\;C:\Program Files\Intel\WiFi\bin\;C:\Program Files\Common Files\Intel\WirelessCommon\;C:\php\;C:\Program Files\MySQL\MySQL Server 5.7\bin;C:\Program Files\dotnet\;C:\Program Files\Microsoft SQL Server\Client SDK\ODBC\130\Tools\Binn\;C:\Program Files\Microsoft SQL Server\130\DTS\Binn\;C:\Program Files\Redis\;C:\Program Files (x86)\NVIDIA Corporation\PhysX\Common;C:\Program Files\MATLAB\R2017b\bin;C:\Program Files (x86)\Microsoft SQL Server\Client SDK\ODBC\130\Tools\Binn\;C:\Program Files (x86)\Microsoft SQL Server\140\Tools\Binn\;C:\Program Files (x86)\Microsoft SQL Server\140\DTS\Binn\;C:\Program Files (x86)\Microsoft SQL Server\140\Tools\Binn\ManagementStudio\;C:\Users\rwang\AppData\Local\Microsoft\WindowsApps;C:\Users\rwang\AppData\Roaming\npm;;C:\Program Files (x86)\Arduino\java\bin
USERNAME=Rwang
OS=Windows_NT
PROCESSOR_IDENTIFIER=Intel64 Family 6 Model 78 Stepping 3, GenuineIntel



---------------  S Y S T E M  ---------------

OS: Windows 10.0 , 64 bit Build 15063 (10.0.15063.296)

CPU:total 4 (initial active 4) (2 cores per cpu, 2 threads per core) family 6 model 78 stepping 3, cmov, cx8, fxsr, mmx, sse, sse2, sse3, ssse3, sse4.1, sse4.2, popcnt, avx, avx2, aes, clmul, erms, 3dnowpref, lzcnt, ht, tsc, tscinvbit, bmi1, bmi2, adx

Memory: 4k page, physical 16638024k(8132492k free), swap 25550920k(12512384k free)

vm_info: Java HotSpot(TM) Client VM (25.144-b01) for windows-x86 JRE (1.8.0_144-b01), built on Jul 21 2017 21:58:05 by "java_re" with MS VC++ 10.0 (VS2010)

time: Mon Oct 30 20:28:46 2017
elapsed time: 106000 seconds (1d 5h 26m 40s)

